This is XeTeX, Version 3.141592653-2.6-0.999998 (TeX Live 2026) (preloaded format=xelatex 2026.5.10)  18 MAY 2026 02:25
entering extended mode
 restricted \write18 enabled.
 %&-line parsing enabled.
**main.tex
(./main.tex
LaTeX2e <2025-11-01>
L3 programming layer <2026-01-19>
(/usr/local/texlive/2026/texmf-dist/tex/latex/base/report.cls
Document Class: report 2025/01/22 v1.4n Standard LaTeX document class
(/usr/local/texlive/2026/texmf-dist/tex/latex/base/size12.clo
File: size12.clo 2025/01/22 v1.4n Standard LaTeX file (size option)
)
\c@part=\count271
\c@chapter=\count272
\c@section=\count273
\c@subsection=\count274
\c@subsubsection=\count275
\c@paragraph=\count276
\c@subparagraph=\count277
\c@figure=\count278
\c@table=\count279
\abovecaptionskip=\skip49
\belowcaptionskip=\skip50
\bibindent=\dimen148
)
(/usr/local/texlive/2026/texmf-dist/tex/latex/fontspec/fontspec.sty
(/usr/local/texlive/2026/texmf-dist/tex/latex/l3packages/xparse/xparse.sty
(/usr/local/texlive/2026/texmf-dist/tex/latex/l3kernel/expl3.sty
Package: expl3 2026-01-19 L3 programming layer (loader) 

(/usr/local/texlive/2026/texmf-dist/tex/latex/l3backend/l3backend-xetex.def
File: l3backend-xetex.def 2025-10-09 L3 backend support: XeTeX
\g__graphics_track_int=\count280
\g__pdfannot_backend_int=\count281
\g__pdfannot_backend_link_int=\count282
))
Package: xparse 2025-10-09 L3 Experimental document command parser
)
Package: fontspec 2025/09/29 v2.9g Font selection for XeLaTeX and LuaLaTeX

(/usr/local/texlive/2026/texmf-dist/tex/latex/fontspec/fontspec-xetex.sty
Package: fontspec-xetex 2025/09/29 v2.9g Font selection for XeLaTeX and LuaLaTe
X
\l__fontspec_script_int=\count283
\l__fontspec_language_int=\count284
\l__fontspec_strnum_int=\count285
\l__fontspec_tmp_int=\count286
\l__fontspec_tmpa_int=\count287
\l__fontspec_tmpb_int=\count288
\l__fontspec_tmpc_int=\count289
\l__fontspec_em_int=\count290
\l__fontspec_emdef_int=\count291
\l__fontspec_strong_int=\count292
\l__fontspec_strongdef_int=\count293
\l__fontspec_tmpa_dim=\dimen149
\l__fontspec_tmpb_dim=\dimen150
\l__fontspec_tmpc_dim=\dimen151

(/usr/local/texlive/2026/texmf-dist/tex/latex/base/fontenc.sty
Package: fontenc 2025/07/18 v2.1d Standard LaTeX package
)
(/usr/local/texlive/2026/texmf-dist/tex/latex/fontspec/fontspec.cfg)))

Package fontspec Info: 
(fontspec)             Font family 'Sylfaen(0)' created for font 'Sylfaen'
(fontspec)             with options
(fontspec)             [Ligatures=TeX,Path=/Users/surenarzumanyan/Library/Fonts
/,Extension=.ttf,UprightFont=sylfaen,AutoFakeBold=2.2].
(fontspec)              
(fontspec)              This font family consists of the following NFSS
(fontspec)             series/shapes:
(fontspec)              
(fontspec)             - 'normal' (m/n) with NFSS spec.:
(fontspec)             <->"[/Users/surenarzumanyan/Library/Fonts/sylfaen.ttf]/O
T:script=latn;language=dflt;mapping=tex-text;"
(fontspec)             - 'bold' (b/n) with NFSS spec.:
(fontspec)             <->"[/Users/surenarzumanyan/Library/Fonts/sylfaen.ttf]/O
T:script=latn;language=dflt;embolden=2.2;mapping=tex-text;"


(/usr/local/texlive/2026/texmf-dist/tex/latex/polyglossia/polyglossia.sty
Package: polyglossia 2025/12/01 v2.9 Modern multilingual typesetting with XeLaT
eX and LuaLaTeX

(/usr/local/texlive/2026/texmf-dist/tex/latex/etoolbox/etoolbox.sty
Package: etoolbox 2025/10/02 v2.5m e-TeX tools for LaTeX (JAW)
\etb@tempcnta=\count294
)
(/usr/local/texlive/2026/texmf-dist/tex/generic/iftex/iftex.sty
Package: iftex 2024/12/12 v1.0g TeX engine tests
)
\l_xpg_alias_keyvals_int=\count295

(/usr/local/texlive/2026/texmf-dist/tex/latex/polyglossia/gloss-latex.ldf
File: gloss-latex.ldf polyglossia: module for default language
))
(/usr/local/texlive/2026/texmf-dist/tex/latex/polyglossia/gloss-armenian.ldf
File: gloss-armenian.ldf polyglossia: module for Armenian
)

Package polyglossia Info: Default language is armenian


(/usr/local/texlive/2026/texmf-dist/tex/latex/polyglossia/gloss-english.ldf
File: gloss-english.ldf polyglossia: module for English
)

Package fontspec Info: 
(fontspec)             Script 'Armenian' not explicitly supported within font
(fontspec)             'sylfaen'. Check the typeset output, and if it is okay
(fontspec)             then ignore this warning. Otherwise a different font
(fontspec)             should be chosen.


Package fontspec Info: 
(fontspec)             Font family 'Sylfaen(1)' created for font 'Sylfaen'
(fontspec)             with options
(fontspec)             [Script=Armenian,Path=/Users/surenarzumanyan/Library/Fon
ts/,Extension=.ttf,UprightFont=sylfaen,AutoFakeBold=2.2].
(fontspec)              
(fontspec)              This font family consists of the following NFSS
(fontspec)             series/shapes:
(fontspec)              
(fontspec)             - 'normal' (m/n) with NFSS spec.:
(fontspec)             <->"[/Users/surenarzumanyan/Library/Fonts/sylfaen.ttf]/O
T:script=armn;language=dflt;"
(fontspec)             - 'bold' (b/n) with NFSS spec.:
(fontspec)             <->"[/Users/surenarzumanyan/Library/Fonts/sylfaen.ttf]/O
T:script=armn;language=dflt;embolden=2.2;"


(/usr/local/texlive/2026/texmf-dist/tex/latex/geometry/geometry.sty
Package: geometry 2026/03/07 v6.0 Page Geometry

(/usr/local/texlive/2026/texmf-dist/tex/latex/graphics/keyval.sty
Package: keyval 2022/05/29 v1.15 key=value parser (DPC)
\KV@toks@=\toks17
)
(/usr/local/texlive/2026/texmf-dist/tex/generic/iftex/ifvtex.sty
Package: ifvtex 2019/10/25 v1.7 ifvtex legacy package. Use iftex instead.
)
\Gm@cnth=\count296
\Gm@cntv=\count297
\c@Gm@tempcnt=\count298
\Gm@bindingoffset=\dimen152
\Gm@wd@mp=\dimen153
\Gm@odd@mp=\dimen154
\Gm@even@mp=\dimen155
\Gm@layoutwidth=\dimen156
\Gm@layoutheight=\dimen157
\Gm@layouthoffset=\dimen158
\Gm@layoutvoffset=\dimen159
\Gm@dimlist=\toks18
)
(/usr/local/texlive/2026/texmf-dist/tex/latex/setspace/setspace.sty
Package: setspace 2022/12/04 v6.7b set line spacing
)
(/usr/local/texlive/2026/texmf-dist/tex/latex/fancyhdr/fancyhdr.sty
Package: fancyhdr 2025/02/07 v5.2 Extensive control of page headers and footers

\f@nch@headwidth=\skip51
\f@nch@offset@elh=\skip52
\f@nch@offset@erh=\skip53
\f@nch@offset@olh=\skip54
\f@nch@offset@orh=\skip55
\f@nch@offset@elf=\skip56
\f@nch@offset@erf=\skip57
\f@nch@offset@olf=\skip58
\f@nch@offset@orf=\skip59
\f@nch@height=\skip60
\f@nch@footalignment=\skip61
\f@nch@widthL=\skip62
\f@nch@widthC=\skip63
\f@nch@widthR=\skip64
\@temptokenb=\toks19
)
(/usr/local/texlive/2026/texmf-dist/tex/latex/titlesec/titlesec.sty
Package: titlesec 2025/01/04 v2.17 Sectioning titles
\ttl@box=\box53
\beforetitleunit=\skip65
\aftertitleunit=\skip66
\ttl@plus=\dimen160
\ttl@minus=\dimen161
\ttl@toksa=\toks20
\titlewidth=\dimen162
\titlewidthlast=\dimen163
\titlewidthfirst=\dimen164
)
(/usr/local/texlive/2026/texmf-dist/tex/latex/tocloft/tocloft.sty
Package: tocloft 2017/08/31 v2.3i parameterised ToC, etc., typesetting
Package tocloft Info: The document has chapter divisions on input line 51.
\cftparskip=\skip67
\cftbeforetoctitleskip=\skip68
\cftaftertoctitleskip=\skip69
\cftbeforepartskip=\skip70
\cftpartnumwidth=\skip71
\cftpartindent=\skip72
\cftbeforechapskip=\skip73
\cftchapindent=\skip74
\cftchapnumwidth=\skip75
\cftbeforesecskip=\skip76
\cftsecindent=\skip77
\cftsecnumwidth=\skip78
\cftbeforesubsecskip=\skip79
\cftsubsecindent=\skip80
\cftsubsecnumwidth=\skip81
\cftbeforesubsubsecskip=\skip82
\cftsubsubsecindent=\skip83
\cftsubsubsecnumwidth=\skip84
\cftbeforeparaskip=\skip85
\cftparaindent=\skip86
\cftparanumwidth=\skip87
\cftbeforesubparaskip=\skip88
\cftsubparaindent=\skip89
\cftsubparanumwidth=\skip90
\cftbeforeloftitleskip=\skip91
\cftafterloftitleskip=\skip92
\cftbeforefigskip=\skip93
\cftfigindent=\skip94
\cftfignumwidth=\skip95
\c@lofdepth=\count299
\c@lotdepth=\count300
\cftbeforelottitleskip=\skip96
\cftafterlottitleskip=\skip97
\cftbeforetabskip=\skip98
\cfttabindent=\skip99
\cfttabnumwidth=\skip100
)
(/usr/local/texlive/2026/texmf-dist/tex/latex/biblatex/biblatex.sty
Package: biblatex 2025/07/10 v3.21 programmable bibliographies (PK/MW)

(/usr/local/texlive/2026/texmf-dist/tex/generic/pdftexcmds/pdftexcmds.sty
Package: pdftexcmds 2020-06-27 v0.33 Utility functions of pdfTeX for LuaTeX (HO
)

(/usr/local/texlive/2026/texmf-dist/tex/generic/infwarerr/infwarerr.sty
Package: infwarerr 2019/12/03 v1.5 Providing info/warning/error messages (HO)
)
(/usr/local/texlive/2026/texmf-dist/tex/generic/ltxcmds/ltxcmds.sty
Package: ltxcmds 2023-12-04 v1.26 LaTeX kernel commands for general use (HO)
)
Package pdftexcmds Info: \pdf@primitive is available.
Package pdftexcmds Info: \pdf@ifprimitive is available.
Package pdftexcmds Info: \pdfdraftmode not found.
)
(/usr/local/texlive/2026/texmf-dist/tex/latex/kvoptions/kvoptions.sty
Package: kvoptions 2022-06-15 v3.15 Key value format for package options (HO)

(/usr/local/texlive/2026/texmf-dist/tex/latex/kvsetkeys/kvsetkeys.sty
Package: kvsetkeys 2022-10-05 v1.19 Key value parser (HO)
))
(/usr/local/texlive/2026/texmf-dist/tex/latex/logreq/logreq.sty
Package: logreq 2010/08/04 v1.0 xml request logger
\lrq@indent=\count301

(/usr/local/texlive/2026/texmf-dist/tex/latex/logreq/logreq.def
File: logreq.def 2010/08/04 v1.0 logreq spec v1.0
))
(/usr/local/texlive/2026/texmf-dist/tex/latex/base/ifthen.sty
Package: ifthen 2024/03/16 v1.1e Standard LaTeX ifthen package (DPC)
)
(/usr/local/texlive/2026/texmf-dist/tex/latex/url/url.sty
\Urlmuskip=\muskip17
Package: url 2013/09/16  ver 3.4  Verb mode for urls, etc.
)
\c@tabx@nest=\count302
\c@listtotal=\count303
\c@listcount=\count304
\c@liststart=\count305
\c@liststop=\count306
\c@citecount=\count307
\c@citetotal=\count308
\c@multicitecount=\count309
\c@multicitetotal=\count310
\c@instcount=\count311
\c@maxnames=\count312
\c@minnames=\count313
\c@maxitems=\count314
\c@minitems=\count315
\c@citecounter=\count316
\c@maxcitecounter=\count317
\c@savedcitecounter=\count318
\c@uniquelist=\count319
\c@uniquename=\count320
\c@refsection=\count321
\c@refsegment=\count322
\c@maxextratitle=\count323
\c@maxextratitleyear=\count324
\c@maxextraname=\count325
\c@maxextradate=\count326
\c@maxextraalpha=\count327
\c@abbrvpenalty=\count328
\c@highnamepenalty=\count329
\c@lownamepenalty=\count330
\c@maxparens=\count331
\c@parenlevel=\count332
\blx@tempcnta=\count333
\blx@tempcntb=\count334
\blx@tempcntc=\count335
\c@blx@maxsection=\count336
\blx@maxsegment@0=\count337
\blx@notetype=\count338
\blx@parenlevel@text=\count339
\blx@parenlevel@foot=\count340
\blx@sectionciteorder@0=\count341
\blx@sectionciteorderinternal@0=\count342
\blx@entrysetcounter=\count343
\blx@biblioinstance=\count344
\labelnumberwidth=\skip101
\labelalphawidth=\skip102
\biblabelsep=\skip103
\bibitemsep=\skip104
\bibnamesep=\skip105
\bibinitsep=\skip106
\bibparsep=\skip107
\bibhang=\skip108
\blx@bcfin=\read2
\blx@bcfout=\write3
\blx@langwohyphens=\language91
\c@mincomprange=\count345
\c@maxcomprange=\count346
\c@mincompwidth=\count347
Package biblatex Info: Trying to load biblatex default data model...
Package biblatex Info: ... file 'blx-dm.def' found.

(/usr/local/texlive/2026/texmf-dist/tex/latex/biblatex/blx-dm.def
File: blx-dm.def 2025/07/10 v3.21 biblatex datamodel (PK/MW)
)
Package biblatex Info: Trying to load biblatex style data model...
Package biblatex Info: ... file 'apa.dbx' found.

(/usr/local/texlive/2026/texmf-dist/tex/latex/biblatex-apa/apa.dbx
File: apa.dbx 2025/08/27 v9.20 APA biblatex style data model
)
Package biblatex Info: Trying to load biblatex custom data model...
Package biblatex Info: ... file 'biblatex-dm.cfg' not found.
\c@afterword=\count348
\c@savedafterword=\count349
\c@annotator=\count350
\c@savedannotator=\count351
\c@author=\count352
\c@savedauthor=\count353
\c@bookauthor=\count354
\c@savedbookauthor=\count355
\c@commentator=\count356
\c@savedcommentator=\count357
\c@editor=\count358
\c@savededitor=\count359
\c@editora=\count360
\c@savededitora=\count361
\c@editorb=\count362
\c@savededitorb=\count363
\c@editorc=\count364
\c@savededitorc=\count365
\c@foreword=\count366
\c@savedforeword=\count367
\c@holder=\count368
\c@savedholder=\count369
\c@introduction=\count370
\c@savedintroduction=\count371
\c@namea=\count372
\c@savednamea=\count373
\c@nameb=\count374
\c@savednameb=\count375
\c@namec=\count376
\c@savednamec=\count377
\c@translator=\count378
\c@savedtranslator=\count379
\c@shortauthor=\count380
\c@savedshortauthor=\count381
\c@shorteditor=\count382
\c@savedshorteditor=\count383
\c@narrator=\count384
\c@savednarrator=\count385
\c@execproducer=\count386
\c@savedexecproducer=\count387
\c@execdirector=\count388
\c@savedexecdirector=\count389
\c@with=\count390
\c@savedwith=\count391
\c@labelname=\count392
\c@savedlabelname=\count393
\c@institution=\count394
\c@savedinstitution=\count395
\c@lista=\count396
\c@savedlista=\count397
\c@listb=\count398
\c@savedlistb=\count399
\c@listc=\count400
\c@savedlistc=\count401
\c@listd=\count402
\c@savedlistd=\count403
\c@liste=\count404
\c@savedliste=\count405
\c@listf=\count406
\c@savedlistf=\count407
\c@location=\count408
\c@savedlocation=\count409
\c@organization=\count410
\c@savedorganization=\count411
\c@origlocation=\count412
\c@savedoriglocation=\count413
\c@origpublisher=\count414
\c@savedorigpublisher=\count415
\c@publisher=\count416
\c@savedpublisher=\count417
\c@language=\count418
\c@savedlanguage=\count419
\c@origlanguage=\count420
\c@savedoriglanguage=\count421
\c@citation=\count422
\c@savedcitation=\count423
\c@pageref=\count424
\c@savedpageref=\count425
\shorthandwidth=\skip109
\shortjournalwidth=\skip110
\shortserieswidth=\skip111
\shorttitlewidth=\skip112
\shortauthorwidth=\skip113
\shorteditorwidth=\skip114
\locallabelnumberwidth=\skip115
\locallabelalphawidth=\skip116
\localshorthandwidth=\skip117
\localshortjournalwidth=\skip118
\localshortserieswidth=\skip119
\localshorttitlewidth=\skip120
\localshortauthorwidth=\skip121
\localshorteditorwidth=\skip122
Package biblatex Info: Trying to load enhanced support for Unicode engines...
Package biblatex Info: ... file 'blx-unicode.def' found.

(/usr/local/texlive/2026/texmf-dist/tex/latex/biblatex/blx-unicode.def)
Package biblatex Info: Trying to load compatibility code...
Package biblatex Info: ... file 'blx-compat.def' found.

(/usr/local/texlive/2026/texmf-dist/tex/latex/biblatex/blx-compat.def
File: blx-compat.def 2025/07/10 v3.21 biblatex compatibility (PK/MW)
)
Package biblatex Info: Trying to load generic definitions...
Package biblatex Info: ... file 'biblatex.def' found.

(/usr/local/texlive/2026/texmf-dist/tex/latex/biblatex/biblatex.def
File: biblatex.def 2025/07/10 v3.21 biblatex compatibility (PK/MW)
\c@textcitecount=\count426
\c@textcitetotal=\count427
\c@textcitemaxnames=\count428
\c@biburlbigbreakpenalty=\count429
\c@biburlbreakpenalty=\count430
\c@biburlnumpenalty=\count431
\c@biburlucpenalty=\count432
\c@biburllcpenalty=\count433
\biburlbigskip=\muskip18
\biburlnumskip=\muskip19
\biburlucskip=\muskip20
\biburllcskip=\muskip21
\c@smartand=\count434
)
Package biblatex Info: Trying to load bibliography style 'apa'...
Package biblatex Info: ... file 'apa.bbx' found.

(/usr/local/texlive/2026/texmf-dist/tex/latex/biblatex-apa/apa.bbx
File: apa.bbx 2025/08/27 v9.20 APA biblatex references style
Package biblatex Info: Trying to load bibliography style 'standard'...
Package biblatex Info: ... file 'standard.bbx' found.

(/usr/local/texlive/2026/texmf-dist/tex/latex/biblatex/bbx/standard.bbx
File: standard.bbx 2025/07/10 v3.21 biblatex bibliography style (PK/MW)
\c@bbx:relatedcount=\count435
\c@bbx:relatedtotal=\count436
)
Package biblatex Info: Delimiter 'nameyeardelim' in context 'bib' already defin
ed, overwriting.
Package biblatex Info: Delimiter 'nameyeardelim' in context 'biblist' already d
efined, overwriting.
Package biblatex Info: Delimiter 'nonameyeardelim' in context 'bib' already def
ined, overwriting.
Package biblatex Info: Delimiter 'nonameyeardelim' in context 'biblist' already
 defined, overwriting.
)
Package biblatex Info: Trying to load citation style 'apa'...
Package biblatex Info: ... file 'apa.cbx' found.

(/usr/local/texlive/2026/texmf-dist/tex/latex/biblatex-apa/apa.cbx
File: apa.cbx 2025/08/27 v9.20 APA biblatex citation style
Package biblatex Info: Delimiter 'nameyeardelim' in context '' already defined,
 overwriting.
Package biblatex Info: Delimiter 'andothersdelim' in context '' already defined
, overwriting.
Package biblatex Info: Redefining '\fullcite'.
Package biblatex Info: Redefining '\citeauthor'.
Package biblatex Info: Redefining '\citeyear'.
Package biblatex Info: Redefining '\cite'.
Package biblatex Info: Redefining '\cites'.
Package biblatex Info: Redefining '\parencite'.
Package biblatex Info: Redefining '\parencites'.
Package biblatex Info: Redefining '\footcite'.
Package biblatex Info: Redefining '\footcites'.
Package biblatex Info: Redefining '\footcitetext'.
Package biblatex Info: Redefining '\footcitetexts'.
Package biblatex Info: Redefining '\smartcite'.
Package biblatex Info: Redefining '\smartcites'.
Package biblatex Info: Redefining '\textcite'.
Package biblatex Info: Redefining '\textcites'.
)
Package biblatex Info: Trying to load configuration file...
Package biblatex Info: ... file 'biblatex.cfg' found.

(/usr/local/texlive/2026/texmf-dist/tex/latex/biblatex/biblatex.cfg
File: biblatex.cfg 
)
Package biblatex Info: XeTeX detected.
(biblatex)             Assuming input encoding 'utf8'.
Package biblatex Info: Document encoding is UTF8 ....
Package biblatex Info: ... and expl3
(biblatex)             2026-01-19 L3 programming layer (loader) 
(biblatex)             is new enough (at least 2020/04/06),
(biblatex)             setting 'casechanger=expl3'.

(/usr/local/texlive/2026/texmf-dist/tex/latex/biblatex/blx-case-expl3.sty
Package: blx-case-expl3 2025/07/10 v3.21 expl3 case changing code for biblatex
))
(/usr/local/texlive/2026/texmf-dist/tex/latex/graphics/graphicx.sty
Package: graphicx 2024/12/31 v1.2e Enhanced LaTeX Graphics (DPC,SPQR)

(/usr/local/texlive/2026/texmf-dist/tex/latex/graphics/graphics.sty
Package: graphics 2024/08/06 v1.4g Standard LaTeX Graphics (DPC,SPQR)

(/usr/local/texlive/2026/texmf-dist/tex/latex/graphics/trig.sty
Package: trig 2023/12/02 v1.11 sin cos tan (DPC)
)
(/usr/local/texlive/2026/texmf-dist/tex/latex/graphics-cfg/graphics.cfg
File: graphics.cfg 2016/06/04 v1.11 sample graphics configuration
)
Package graphics Info: Driver file: xetex.def on input line 106.

(/usr/local/texlive/2026/texmf-dist/tex/latex/graphics-def/xetex.def
File: xetex.def 2025/11/01 v5.0p Graphics/color driver for xetex
))
\Gin@req@height=\dimen165
\Gin@req@width=\dimen166
)
(/usr/local/texlive/2026/texmf-dist/tex/latex/booktabs/booktabs.sty
Package: booktabs 2020/01/12 v1.61803398 Publication quality tables
\heavyrulewidth=\dimen167
\lightrulewidth=\dimen168
\cmidrulewidth=\dimen169
\belowrulesep=\dimen170
\belowbottomsep=\dimen171
\aboverulesep=\dimen172
\abovetopsep=\dimen173
\cmidrulesep=\dimen174
\cmidrulekern=\dimen175
\defaultaddspace=\dimen176
\@cmidla=\count437
\@cmidlb=\count438
\@aboverulesep=\dimen177
\@belowrulesep=\dimen178
\@thisruleclass=\count439
\@lastruleclass=\count440
\@thisrulewidth=\dimen179
)
(/usr/local/texlive/2026/texmf-dist/tex/latex/hyperref/hyperref.sty
Package: hyperref 2026-01-29 v7.01p Hypertext links for LaTeX

(/usr/local/texlive/2026/texmf-dist/tex/generic/kvdefinekeys/kvdefinekeys.sty
Package: kvdefinekeys 2019-12-19 v1.6 Define keys (HO)
)
(/usr/local/texlive/2026/texmf-dist/tex/generic/pdfescape/pdfescape.sty
Package: pdfescape 2019/12/09 v1.15 Implements pdfTeX's escape features (HO)
)
(/usr/local/texlive/2026/texmf-dist/tex/latex/hycolor/hycolor.sty
Package: hycolor 2020-01-27 v1.10 Color options for hyperref/bookmark (HO)
)
(/usr/local/texlive/2026/texmf-dist/tex/latex/hyperref/nameref.sty
Package: nameref 2026-01-29 v2.58 Cross-referencing by name of section

(/usr/local/texlive/2026/texmf-dist/tex/latex/refcount/refcount.sty
Package: refcount 2019/12/15 v3.6 Data extraction from label references (HO)
)
(/usr/local/texlive/2026/texmf-dist/tex/generic/gettitlestring/gettitlestring.s
ty
Package: gettitlestring 2019/12/15 v1.6 Cleanup title references (HO)
)
\c@section@level=\count441
) (/usr/local/texlive/2026/texmf-dist/tex/generic/stringenc/stringenc.sty
Package: stringenc 2019/11/29 v1.12 Convert strings between diff. encodings (HO
)
)
\@linkdim=\dimen180
\Hy@linkcounter=\count442
\Hy@pagecounter=\count443

(/usr/local/texlive/2026/texmf-dist/tex/latex/hyperref/pd1enc.def
File: pd1enc.def 2026-01-29 v7.01p Hyperref: PDFDocEncoding definition (HO)
)
(/usr/local/texlive/2026/texmf-dist/tex/generic/intcalc/intcalc.sty
Package: intcalc 2019/12/15 v1.3 Expandable calculations with integers (HO)
)
\Hy@SavedSpaceFactor=\count444

(/usr/local/texlive/2026/texmf-dist/tex/latex/hyperref/puenc.def
File: puenc.def 2026-01-29 v7.01p Hyperref: PDF Unicode definition (HO)
)
Package hyperref Info: Hyper figures OFF on input line 4201.
Package hyperref Info: Link nesting OFF on input line 4206.
Package hyperref Info: Hyper index ON on input line 4209.
Package hyperref Info: Plain pages OFF on input line 4216.
Package hyperref Info: Backreferencing OFF on input line 4221.
Package hyperref Info: Implicit mode ON; LaTeX internals redefined.
Package hyperref Info: Bookmarks ON on input line 4468.
\c@Hy@tempcnt=\count445
LaTeX Info: Redefining \url on input line 4807.
\XeTeXLinkMargin=\dimen181

(/usr/local/texlive/2026/texmf-dist/tex/generic/bitset/bitset.sty
Package: bitset 2019/12/09 v1.3 Handle bit-vector datatype (HO)

(/usr/local/texlive/2026/texmf-dist/tex/generic/bigintcalc/bigintcalc.sty
Package: bigintcalc 2019/12/15 v1.5 Expandable calculations on big integers (HO
)
))
\Fld@menulength=\count446
\Field@Width=\dimen182
\Fld@charsize=\dimen183
Package hyperref Info: Hyper figures OFF on input line 6084.
Package hyperref Info: Link nesting OFF on input line 6089.
Package hyperref Info: Hyper index ON on input line 6092.
Package hyperref Info: backreferencing OFF on input line 6099.
Package hyperref Info: Link coloring OFF on input line 6104.
Package hyperref Info: Link coloring with OCG OFF on input line 6109.
Package hyperref Info: PDF/A mode OFF on input line 6114.
\Hy@abspage=\count447
\c@Item=\count448
\c@Hfootnote=\count449
)
Package hyperref Info: Driver (autodetected): hxetex.

(/usr/local/texlive/2026/texmf-dist/tex/latex/hyperref/hxetex.def
File: hxetex.def 2026-01-29 v7.01p Hyperref driver for XeTeX
\pdfm@box=\box54
\c@Hy@AnnotLevel=\count450
\HyField@AnnotCount=\count451
\Fld@listcount=\count452
\c@bookmark@seq@number=\count453

(/usr/local/texlive/2026/texmf-dist/tex/latex/rerunfilecheck/rerunfilecheck.sty
Package: rerunfilecheck 2025-06-21 v1.11 Rerun checks for auxiliary files (HO)

(/usr/local/texlive/2026/texmf-dist/tex/generic/uniquecounter/uniquecounter.sty
Package: uniquecounter 2019/12/15 v1.4 Provide unlimited unique counter (HO)
)
Package uniquecounter Info: New unique counter `rerunfilecheck' on input line 2
84.
)
\Hy@SectionHShift=\skip123
) (/usr/local/texlive/2026/texmf-dist/tex/latex/footmisc/footmisc.sty
Package: footmisc 2025/05/09 v7.0b a miscellany of footnote facilities
\FN@temptoken=\toks21
\footnotemargin=\dimen184
Package footmisc Info: Declaring symbol style bringhurst on input line 549.
Package footmisc Info: Declaring symbol style chicago on input line 557.
Package footmisc Info: Declaring symbol style wiley on input line 566.
Package footmisc Info: Declaring symbol style lamport-robust on input line 577.

Package footmisc Info: Declaring symbol style lamport* on input line 597.
Package footmisc Info: Declaring symbol style lamport*-robust on input line 618
.
)
\@quotelevel=\count454
\@quotereset=\count455

(./main.aux)
\openout1 = `main.aux'.

LaTeX Font Info:    Checking defaults for OML/cmm/m/it on input line 86.
LaTeX Font Info:    ... okay on input line 86.
LaTeX Font Info:    Checking defaults for OMS/cmsy/m/n on input line 86.
LaTeX Font Info:    ... okay on input line 86.
LaTeX Font Info:    Checking defaults for OT1/cmr/m/n on input line 86.
LaTeX Font Info:    ... okay on input line 86.
LaTeX Font Info:    Checking defaults for T1/cmr/m/n on input line 86.
LaTeX Font Info:    ... okay on input line 86.
LaTeX Font Info:    Checking defaults for TS1/cmr/m/n on input line 86.
LaTeX Font Info:    ... okay on input line 86.
LaTeX Font Info:    Checking defaults for TU/lmr/m/n on input line 86.
LaTeX Font Info:    ... okay on input line 86.
LaTeX Font Info:    Checking defaults for OMX/cmex/m/n on input line 86.
LaTeX Font Info:    ... okay on input line 86.
LaTeX Font Info:    Checking defaults for U/cmr/m/n on input line 86.
LaTeX Font Info:    ... okay on input line 86.
LaTeX Font Info:    Checking defaults for PD1/pdf/m/n on input line 86.
LaTeX Font Info:    ... okay on input line 86.
LaTeX Font Info:    Checking defaults for PU/pdf/m/n on input line 86.
LaTeX Font Info:    ... okay on input line 86.

Package fontspec Info: 
(fontspec)             Adjusting the maths setup (use [no-math] to avoid
(fontspec)             this).

\symlegacymaths=\mathgroup4
LaTeX Font Info:    Overwriting symbol font `legacymaths' in version `bold'
(Font)                  OT1/cmr/m/n --> OT1/cmr/bx/n on input line 86.
LaTeX Font Info:    Redeclaring math accent \acute on input line 86.
LaTeX Font Info:    Redeclaring math accent \grave on input line 86.
LaTeX Font Info:    Redeclaring math accent \ddot on input line 86.
LaTeX Font Info:    Redeclaring math accent \tilde on input line 86.
LaTeX Font Info:    Redeclaring math accent \bar on input line 86.
LaTeX Font Info:    Redeclaring math accent \breve on input line 86.
LaTeX Font Info:    Redeclaring math accent \check on input line 86.
LaTeX Font Info:    Redeclaring math accent \hat on input line 86.
LaTeX Font Info:    Redeclaring math accent \dot on input line 86.
LaTeX Font Info:    Redeclaring math accent \mathring on input line 86.
LaTeX Font Info:    Redeclaring math symbol \colon on input line 86.
LaTeX Font Info:    Redeclaring math symbol \Gamma on input line 86.
LaTeX Font Info:    Redeclaring math symbol \Delta on input line 86.
LaTeX Font Info:    Redeclaring math symbol \Theta on input line 86.
LaTeX Font Info:    Redeclaring math symbol \Lambda on input line 86.
LaTeX Font Info:    Redeclaring math symbol \Xi on input line 86.
LaTeX Font Info:    Redeclaring math symbol \Pi on input line 86.
LaTeX Font Info:    Redeclaring math symbol \Sigma on input line 86.
LaTeX Font Info:    Redeclaring math symbol \Upsilon on input line 86.
LaTeX Font Info:    Redeclaring math symbol \Phi on input line 86.
LaTeX Font Info:    Redeclaring math symbol \Psi on input line 86.
LaTeX Font Info:    Redeclaring math symbol \Omega on input line 86.
LaTeX Font Info:    Redeclaring math symbol \mathdollar on input line 86.
LaTeX Font Info:    Redeclaring symbol font `operators' on input line 86.
LaTeX Font Info:    Encoding `OT1' has changed to `TU' for symbol font
(Font)              `operators' in the math version `normal' on input line 86.
LaTeX Font Info:    Overwriting symbol font `operators' in version `normal'
(Font)                  OT1/cmr/m/n --> TU/Sylfaen(0)/m/n on input line 86.
LaTeX Font Info:    Encoding `OT1' has changed to `TU' for symbol font
(Font)              `operators' in the math version `bold' on input line 86.
LaTeX Font Info:    Overwriting symbol font `operators' in version `bold'
(Font)                  OT1/cmr/bx/n --> TU/Sylfaen(0)/m/n on input line 86.
LaTeX Font Info:    Overwriting symbol font `operators' in version `normal'
(Font)                  TU/Sylfaen(0)/m/n --> TU/Sylfaen(0)/m/n on input line 8
6.
LaTeX Font Info:    Overwriting math alphabet `\mathit' in version `normal'
(Font)                  OT1/cmr/m/it --> TU/Sylfaen(0)/m/it on input line 86.
LaTeX Font Info:    Overwriting math alphabet `\mathbf' in version `normal'
(Font)                  OT1/cmr/bx/n --> TU/Sylfaen(0)/b/n on input line 86.
LaTeX Font Info:    Overwriting math alphabet `\mathsf' in version `normal'
(Font)                  OT1/cmss/m/n --> TU/lmss/m/n on input line 86.
LaTeX Font Info:    Overwriting math alphabet `\mathtt' in version `normal'
(Font)                  OT1/cmtt/m/n --> TU/lmtt/m/n on input line 86.
LaTeX Font Info:    Overwriting symbol font `operators' in version `bold'
(Font)                  TU/Sylfaen(0)/m/n --> TU/Sylfaen(0)/b/n on input line 8
6.
LaTeX Font Info:    Overwriting math alphabet `\mathit' in version `bold'
(Font)                  OT1/cmr/bx/it --> TU/Sylfaen(0)/b/it on input line 86.
LaTeX Font Info:    Overwriting math alphabet `\mathsf' in version `bold'
(Font)                  OT1/cmss/bx/n --> TU/lmss/b/n on input line 86.
LaTeX Font Info:    Overwriting math alphabet `\mathtt' in version `bold'
(Font)                  OT1/cmtt/m/n --> TU/lmtt/b/n on input line 86.

*geometry* driver: auto-detecting
*geometry* detected driver: xetex
*geometry* verbose mode - [ preamble ] result:
* driver: xetex
* paper: a4paper
* layout: <same size as paper>
* layoutoffset:(h,v)=(0.0pt,0.0pt)
* modes: 
* h-part:(L,W,R)=(85.35826pt, 483.69687pt, 28.45274pt)
* v-part:(T,H,B)=(71.13188pt, 717.00946pt, 56.9055pt)
* \paperwidth=597.50787pt
* \paperheight=845.04684pt
* \textwidth=483.69687pt
* \textheight=717.00946pt
* \oddsidemargin=13.08827pt
* \evensidemargin=13.08827pt
* \topmargin=-38.1381pt
* \headheight=12.0pt
* \headsep=25.0pt
* \topskip=12.0pt
* \footskip=30.0pt
* \marginparwidth=35.0pt
* \marginparsep=10.0pt
* \columnsep=10.0pt
* \skip\footins=10.8pt plus 4.0pt minus 2.0pt
* \hoffset=0.0pt
* \voffset=0.0pt
* \mag=1000
* \@twocolumnfalse
* \@twosidefalse
* \@mparswitchfalse
* \@reversemarginfalse
* (1in=72.27pt=25.4mm, 1cm=28.453pt)

Package biblatex Info: Trying to load language 'american' -> 'american-apa'...
Package biblatex Info: ... file 'american-apa.lbx' found.
(/usr/local/texlive/2026/texmf-dist/tex/latex/biblatex-apa/american-apa.lbx
File: american-apa.lbx 2025/08/27 v9.20 APA biblatex localisation
Package biblatex Info: Trying to load language 'american'...
Package biblatex Info: ... file 'american.lbx' found.

(/usr/local/texlive/2026/texmf-dist/tex/latex/biblatex/lbx/american.lbx
File: american.lbx 2025/07/10 v3.21 biblatex localization (PK/MW)
Package biblatex Info: Trying to load language 'english' -> 'english-apa'...
Package biblatex Info: ... file 'english-apa.lbx' found.

(/usr/local/texlive/2026/texmf-dist/tex/latex/biblatex-apa/english-apa.lbx
File: english-apa.lbx 2025/08/27 v9.20 APA biblatex localisation
Package biblatex Info: Trying to load language 'english'...
Package biblatex Info: ... file 'english.lbx' found.

(/usr/local/texlive/2026/texmf-dist/tex/latex/biblatex/lbx/english.lbx
File: english.lbx 2025/07/10 v3.21 biblatex localization (PK/MW)
)))
Package biblatex Info: Trying to load language 'american'...
Package biblatex Info: ... file 'american.lbx' found.

(/usr/local/texlive/2026/texmf-dist/tex/latex/biblatex/lbx/american.lbx
File: american.lbx 2025/07/10 v3.21 biblatex localization (PK/MW)
Package biblatex Info: Trying to load language 'english' -> 'english-apa'...
Package biblatex Info: ... file 'english-apa.lbx' found.

(/usr/local/texlive/2026/texmf-dist/tex/latex/biblatex-apa/english-apa.lbx
File: english-apa.lbx 2025/08/27 v9.20 APA biblatex localisation
Package biblatex Info: Trying to load language 'american'...
Package biblatex Info: ... file 'american.lbx' found.

(/usr/local/texlive/2026/texmf-dist/tex/latex/biblatex/lbx/american.lbx
File: american.lbx 2025/07/10 v3.21 biblatex localization (PK/MW)
Package biblatex Info: Trying to load language 'english'...
Package biblatex Info: ... file 'english.lbx' found.

(/usr/local/texlive/2026/texmf-dist/tex/latex/biblatex/lbx/english.lbx
File: english.lbx 2025/07/10 v3.21 biblatex localization (PK/MW)
)))))

Package biblatex Warning: File 'armenian-apa.lbx' not found!
(biblatex)                Ignoring mapping 'armenian' -> 'armenian-apa'.

Package biblatex Info: Trying to load language 'armenian'...
Package biblatex Info: ... file 'armenian.lbx' not found.

Package biblatex Warning: Language 'armenian' not supported.
(biblatex)                Using dummy definitions on input line 86.

Package biblatex Info: XeTeX detected.
(biblatex)             Assuming input encoding 'utf8'.
Package biblatex Info: Automatic encoding selection.
(biblatex)             Assuming data encoding 'utf8'.
\openout3 = `main.bcf'.

Package biblatex Info: Trying to load bibliographic data...
Package biblatex Info: ... file 'main.bbl' found.
(./main.bbl)
Package biblatex Info: Reference section=0 on input line 86.
Package biblatex Info: Reference segment=0 on input line 86.
Package hyperref Info: Link coloring OFF on input line 86.
 (./main.out) (./main.out)
\@outlinefile=\write4
\openout4 = `main.out'.

 (./chapters/titlepage.tex [1

])
(./main.toc
LaTeX Font Info:    External font `cmex10' loaded for size
(Font)              <12> on input line 2.
LaTeX Font Info:    External font `cmex10' loaded for size
(Font)              <8> on input line 2.
LaTeX Font Info:    External font `cmex10' loaded for size
(Font)              <6> on input line 2.
)
\tf@toc=\write5
\openout5 = `main.toc'.

 [1] (./chapters/introduction.tex
Գլուխ 1.

Underfull \hbox (badness 1810) in paragraph at lines 6--7
\TU/Sylfaen(1)/m/n/12 սովորությունների ձևավորման, առաջադրանքների պլանավորման և 
առողջ կենսա-
 []


Underfull \hbox (badness 3514) in paragraph at lines 8--9
\TU/Sylfaen(1)/m/n/12 կամ չափազանց պարզ են և սահմանափակվում են առաջադրանքների ց
ուցակով,
 []


Underfull \hbox (badness 2790) in paragraph at lines 8--9
\TU/Sylfaen(1)/m/n/12 կամ հակառակը՝ ունեն բարդ կառուցվածք, որը դժվարացնում է ամ
ենօրյա կիրա-
 []


Underfull \hbox (badness 2088) in paragraph at lines 8--9
\TU/Sylfaen(1)/m/n/12 Արդյունքում օգտատերը ստիպված է միաժամանակ օգտագործել մի ք
անի տարբեր
 []

[1


] [2]
Underfull \hbox (badness 1102) in paragraph at lines 21--22
[]\TU/Sylfaen(1)/m/n/12 ապացուցել, որ առաջարկվող լուծումը կարող է նվազեցնել նպա
տակների կա-
 []


Underfull \hbox (badness 10000) in paragraph at lines 21--22
\TU/Sylfaen(1)/m/n/12 ռավարման մասնատվածությունը՝ միավորելով պլանավորման, առաջը
նթացի
 []


Underfull \hbox (badness 3701) in paragraph at lines 24--25
[]\TU/Sylfaen(1)/m/n/12 Աշխատանքի կառուցվածքը կազմված է հինգ գլուխներից, օգտագո
րծված գրա-
 []


Underfull \hbox (badness 5985) in paragraph at lines 24--25
\TU/Sylfaen(1)/m/n/12 կանության ցանկից և հավելվածներից։ Առաջին գլխում ներկայացվ
ում են թեմա-
 []


Underfull \hbox (badness 3068) in paragraph at lines 24--25
\TU/Sylfaen(1)/m/n/12 յի արդիականությունը, հետազոտական խնդիրը, աշխատանքի նպատակ
ը, չափելի
 []


Underfull \hbox (badness 1337) in paragraph at lines 24--25
\TU/Sylfaen(1)/m/n/12 նության վերլուծությունը՝ նպատակադրման տեսությունները, անձ
նական արտադրո-
 []


Underfull \hbox (badness 1259) in paragraph at lines 24--25
\TU/Sylfaen(1)/m/n/12 ղականության հետազոտությունները, թվային բարեկեցության մոտե
ցումները և նմա-
 []

) (./chapters/literature.tex [3]
Գլուխ 2.

Underfull \hbox (badness 10000) in paragraph at lines 6--7
\TU/Sylfaen(1)/m/n/12 նպատակադրման տեսություններ, գործող հավելվածների համեմատու
թյուն, վեբ
 []


Underfull \hbox (badness 3612) in paragraph at lines 6--7
\TU/Sylfaen(1)/m/n/12 մշակման մեթոդաբանություններ, ժամանակակից վեբ տեխնոլոգիանե
ր, արտադրո-
 []


Underfull \hbox (badness 2990) in paragraph at lines 6--7
\TU/Sylfaen(1)/m/n/12 ղականության հավելվածների UX/UI սկզբունքներ, տվյալների բազ
այի նախագծում,
 []


Underfull \hbox (badness 2213) in paragraph at lines 6--7
\TU/Sylfaen(1)/m/n/12 օգտատիրոջ ներգրավվածություն և մոտիվացիա, ինչպես նաև պատաս
խանատու և
 []


Underfull \hbox (badness 1237) in paragraph at lines 6--7
\TU/Sylfaen(1)/m/n/12 ընդհանուր շղթային՝ խնդրից դեպի մեթոդ, մեթոդից դեպի եզրակա
ցություն և առա-
 []


Underfull \hbox (badness 1584) in paragraph at lines 10--11
\TU/Sylfaen(1)/m/n/12 Նպատակների կառավարման համակարգի առաջին տեսական հիմքը SMAR
T նպա-
 []

[4

]
Underfull \hbox (badness 1975) in paragraph at lines 12--13
\TU/Sylfaen(1)/m/n/12 գնահատել, թե արդյոք մշակված համակարգը նվազեցնում է նպատակ
ների կառա-
 []


Underfull \hbox (badness 2065) in paragraph at lines 18--19
[]\TU/Sylfaen(1)/m/n/12 Երրորդ մոտեցումը OKR-ների՝ Objectives and Key Results հ
ամակարգն է։ Դոերը
 []


Underfull \hbox (badness 1308) in paragraph at lines 18--19
\TU/Sylfaen(1)/m/n/12 մակցություն, որտեղ «Objective»-ը սահմանում է որակական ուղ
ղությունը, իսկ «Key
 []

[5]
Underfull \hbox (badness 10000) in paragraph at lines 26--26
|\TU/Sylfaen(1)/b/n/12 2.2 Գոյություն ունեցող նպատակների հետևման հավելվածների հ
ամեմատական
 []

[6]
Underfull \hbox (badness 10000) in paragraph at lines 30--31
[]\TU/Sylfaen(1)/m/n/12 Todoist-ը հիմնականում առաջադրանքների կառավարման համակար
գ է։ Նրա
 []


Underfull \hbox (badness 10000) in paragraph at lines 30--31
\TU/Sylfaen(1)/m/n/12 պաշտոնական նկարագրություններում շեշտվում են նախագծերի, են
թաառա-
 []


Underfull \hbox (badness 2856) in paragraph at lines 30--31
\TU/Sylfaen(1)/m/n/12 ջադրանքների, պիտակների, ֆիլտրերի, հիշեցումների, կրկնվող ա
ռաջադրանքների
 []


Underfull \hbox (badness 6047) in paragraph at lines 30--31
\TU/Sylfaen(1)/m/n/12 համաժամեցման տեսանկյունից։ Սակայն պաշտոնական գործառույթնե
րի տրամա-
 []


Underfull \hbox (badness 1859) in paragraph at lines 30--31
\TU/Sylfaen(1)/m/n/12 առաջադրանքների խումբ, բայց Goal Setting Theory-ի տեսանկյո
ւնից բացակայում է
 []


Underfull \hbox (badness 3302) in paragraph at lines 30--31
\TU/Sylfaen(1)/m/n/12 նպատակների, չափելի արդյունքների և առաջընթացի վերլուծությա
ն ավելի խիստ
 []


Underfull \hbox (badness 2961) in paragraph at lines 30--31
\TU/Sylfaen(1)/m/n/12 կառավարման համար, սակայն ամբողջական չէ որպես անձնական նպա
տակների
 []


Underfull \hbox (badness 1189) in paragraph at lines 32--33
\TU/Sylfaen(1)/m/n/12 յին փորձի։ App Store-ի նկարագրության համաձայն՝ Habitica-ն
 օգտագործում է RPG
 []

[7]
Underfull \hbox (badness 1117) in paragraph at lines 36--37
[]\TU/Sylfaen(1)/m/n/12 Goals on Track-ը շեշտադրում է SMART և OKR նպատակներ, գո
րծողությունների
 []


Underfull \hbox (badness 1038) in paragraph at lines 36--37
\TU/Sylfaen(1)/m/n/12 նպատակ, բաժանել փուլերի, թարմացնել առաջընթացը և տեսնել հի
մնական վիճա-
 []

LaTeX Font Info:    External font `cmex10' loaded for size
(Font)              <10.95> on input line 41.

Underfull \hbox (badness 10000) in paragraph at lines 43--44
[]\TU/Sylfaen(1)/b/n/10.95 Նախագծային հետև-
 []


Underfull \hbox (badness 10000) in paragraph at lines 45--45
[]\TU/Sylfaen(1)/m/n/10.95 Արագ առա-
 []


Underfull \hbox (badness 10000) in paragraph at lines 45--45
\TU/Sylfaen(1)/m/n/10.95 ջադրանքներ,
 []


Underfull \hbox (badness 10000) in paragraph at lines 45--45
\TU/Sylfaen(1)/m/n/10.95 ֆիլտրեր, հի-
 []


Underfull \hbox (badness 10000) in paragraph at lines 45--45
\TU/Sylfaen(1)/m/n/10.95 շեցումներ, նա-
 []


Underfull \hbox (badness 10000) in paragraph at lines 45--45
[]\TU/Sylfaen(1)/m/n/10.95 Նպատակները
 []


Underfull \hbox (badness 10000) in paragraph at lines 45--45
\TU/Sylfaen(1)/m/n/10.95 հիմնականում
 []


Underfull \hbox (badness 10000) in paragraph at lines 45--45
\TU/Sylfaen(1)/m/n/10.95 ներկայացվում են
 []


Underfull \hbox (badness 10000) in paragraph at lines 45--45
\TU/Sylfaen(1)/m/n/10.95 առաջադրանքների
 []


Underfull \hbox (badness 2285) in paragraph at lines 45--46
\TU/Sylfaen(1)/m/n/10.95 լինեն առանձին մոդել,
 []


Underfull \hbox (badness 10000) in paragraph at lines 46--46
[]\TU/Sylfaen(1)/m/n/10.95 Խաղայնացում,
 []


Underfull \hbox (badness 10000) in paragraph at lines 46--46
\TU/Sylfaen(1)/m/n/10.95 յին պատասխա-
 []


Underfull \hbox (badness 10000) in paragraph at lines 46--46
[]\TU/Sylfaen(1)/m/n/10.95 Խաղային շերտը
 []


Underfull \hbox (badness 10000) in paragraph at lines 46--46
\TU/Sylfaen(1)/m/n/10.95 կարող է շե-
 []


Underfull \hbox (badness 10000) in paragraph at lines 46--46
\TU/Sylfaen(1)/m/n/10.95 ղել գործնական
 []


Underfull \hbox (badness 10000) in paragraph at lines 46--47
[]\TU/Sylfaen(1)/m/n/10.95 Մոտիվացնող տարրե-
 []


Underfull \hbox (badness 10000) in paragraph at lines 46--47
\TU/Sylfaen(1)/m/n/10.95 րը պետք է լինեն
 []


Underfull \hbox (badness 10000) in paragraph at lines 47--47
[]\TU/Sylfaen(1)/m/n/10.95 SMART tracker-
 []


Underfull \hbox (badness 10000) in paragraph at lines 47--47
\TU/Sylfaen(1)/m/n/10.95 ներ, պիտակներ,
 []


Underfull \hbox (badness 10000) in paragraph at lines 47--47
\TU/Sylfaen(1)/m/n/10.95 տվյալների
 []


Underfull \hbox (badness 10000) in paragraph at lines 47--47
[]\TU/Sylfaen(1)/m/n/10.95 Կենտրոնացում
 []


Underfull \hbox (badness 10000) in paragraph at lines 47--47
\TU/Sylfaen(1)/m/n/10.95 անհատական
 []


Underfull \hbox (badness 10000) in paragraph at lines 47--47
\TU/Sylfaen(1)/m/n/10.95 tracker-ների և
 []


Underfull \hbox (badness 10000) in paragraph at lines 47--47
\TU/Sylfaen(1)/m/n/10.95 Apple միջավայրի
 []


Underfull \hbox (badness 10000) in paragraph at lines 47--48
\TU/Sylfaen(1)/m/n/10.95 հասանելիություն և
 []


Underfull \hbox (badness 10000) in paragraph at lines 48--48
[]\TU/Sylfaen(1)/m/n/10.95 SMART/OKR,
 []


Underfull \hbox (badness 10000) in paragraph at lines 48--48
\TU/Sylfaen(1)/m/n/10.95 գործողություննե-
 []


Underfull \hbox (badness 10000) in paragraph at lines 48--48
\TU/Sylfaen(1)/m/n/10.95 րի պլաններ,
 []


Underfull \hbox (badness 10000) in paragraph at lines 48--48
[]\TU/Sylfaen(1)/m/n/10.95 Լայն գործա-
 []


Underfull \hbox (badness 10000) in paragraph at lines 48--48
\TU/Sylfaen(1)/m/n/10.95 ռույթները կարող
 []


Underfull \hbox (badness 10000) in paragraph at lines 48--48
\TU/Sylfaen(1)/m/n/10.95 են ծանրացնել
 []


Underfull \hbox (badness 10000) in paragraph at lines 48--48
\TU/Sylfaen(1)/m/n/10.95 ամենօրյա օգտա-
 []


Underfull \hbox (badness 10000) in paragraph at lines 48--49
[]\TU/Sylfaen(1)/m/n/10.95 Պետք է համադրել
 []


Underfull \hbox (badness 10000) in paragraph at lines 48--49
\TU/Sylfaen(1)/m/n/10.95 կառուցվածքային խո-
 []

[8] [9]
Underfull \hbox (badness 3168) in paragraph at lines 68--69
\TU/Sylfaen(1)/m/n/12 և երբեմն ծանր գործիքների առկայությունը, մեթոդականորեն լու
ծվում է փուլային
 []


Underfull \hbox (badness 1286) in paragraph at lines 70--71
[]\TU/Sylfaen(1)/m/n/12 Մշակման փուլայնությունը պետք է արտացոլվի նաև աշխատանքայ
ին առաջնա-
 []


Underfull \hbox (badness 1019) in paragraph at lines 74--75
\TU/Sylfaen(1)/m/n/12 հանջի՝ հասանելիություն տարբեր սարքերից, լիարժեք full-stac
k հնարավորություն և
 []

[10]
Underfull \hbox (badness 2359) in paragraph at lines 80--81
\TU/Sylfaen(1)/m/n/12 վելվածը միայն mobile native լինի, այն կարող է սահմանափակվ
ել մեկ էկոհամա-
 []


Underfull \hbox (badness 1748) in paragraph at lines 84--85
\TU/Sylfaen(1)/m/n/12 պետք է բաժանի server-side և client-side պատասխանատվությու
նները։ Օգտատիրոջ
 []

[11]
Underfull \hbox (badness 5741) in paragraph at lines 96--97
\TU/Sylfaen(1)/m/n/12 Այդ պատճառով նախագծվող հավելվածում պետք է կիրառվեն հստակ 
տեսողա-
 []

[12]
Underfull \hbox (badness 10000) in paragraph at lines 98--99
[]\TU/Sylfaen(1)/m/n/12 Սխալների կանխարգելումը ևս արտադրողականության համակարգի 
կարևոր
 []


Underfull \hbox (badness 4120) in paragraph at lines 98--99
\TU/Sylfaen(1)/m/n/12 Միևնույն ժամանակ սովորական գործողությունները, օրինակ՝ առա
ջընթացի փոքր
 []


Underfull \hbox (badness 5050) in paragraph at lines 100--100
|\TU/Sylfaen(1)/b/n/12 2.6 Տվյալների բազայի նախագծման օրինաչափություններ նպատակ
ների և առա-
 []


Underfull \hbox (badness 3375) in paragraph at lines 104--105
[]\TU/Sylfaen(1)/m/n/12 Այս նախագծում հիմնական սուբյեկտներն են User, Goal, Mile
stone, Category և
 []

[13]
Underfull \hbox (badness 1337) in paragraph at lines 108--109
[]\TU/Sylfaen(1)/m/n/12 Տվյալների բազայի նախագծման հիմնական եզրակացությունն այն
 է, որ անձնա-
 []


Underfull \hbox (badness 2035) in paragraph at lines 110--111
\TU/Sylfaen(1)/m/n/12 ում պահել վերջին հաշվարկված progress արժեքը արագ ցուցադրմ
ան համար, իսկ
 []

[14]
Underfull \hbox (badness 1221) in paragraph at lines 118--119
\TU/Sylfaen(1)/m/n/12 կանի systematic review-ը ուսումնասիրում է behavior change
 technique-ների և mobile
 []


Underfull \hbox (badness 1502) in paragraph at lines 118--119
\TU/Sylfaen(1)/m/n/12 ը և goal setting-ը հաճախ դիտարկվում են որպես ներգրավվածու
թյան կարևոր բա-
 []


Underfull \hbox (badness 5245) in paragraph at lines 120--121
\TU/Sylfaen(1)/m/n/12 ները և progress graph-երը օգնում են օգտատիրոջը տեսնել շար
ժը և պահպանել
 []


Underfull \hbox (badness 1735) in paragraph at lines 124--125
\TU/Sylfaen(1)/m/n/12 որպես ինքնակարգավորման աջակցություն։ Մշակվող հավելվածի մե
թոդական պա-
 []


Underfull \hbox (badness 4608) in paragraph at lines 124--125
\TU/Sylfaen(1)/m/n/12 հանջներն են՝ առաջընթացի տեսանելի պատմություն, չափավոր str
eak ցուցիչներ,
 []

[15]
Underfull \hbox (badness 3503) in paragraph at lines 132--133
[]\TU/Sylfaen(1)/m/n/12 Պատասխանատու դիզայնը նաև պահանջում է, որ բովանդակությու
նը չկորցնի
 []


Underfull \hbox (badness 2856) in paragraph at lines 134--135
[]\TU/Sylfaen(1)/m/n/12 Մատչելիության տեսանկյունից կարևոր է WCAG 2.2 ստանդարտը,
 որը W3C-ի
 []


Underfull \hbox (badness 2538) in paragraph at lines 134--135
\TU/Sylfaen(1)/m/n/12 կողմից հրապարակվել է որպես Recommendation 2023 թվականի հո
կտեմբերի 5-ին
 []

[16]
Underfull \hbox (badness 2478) in paragraph at lines 136--137
[]\TU/Sylfaen(1)/m/n/12 Mobile-responsive և accessible դիզայնը կապվում է աշխատա
նքի հետազոտական
 []


Underfull \hbox (badness 1142) in paragraph at lines 144--145
\TU/Sylfaen(1)/m/n/12 Development Group, []2026a[][]; Prisma, []2026a[])։ Ներգր
ավվածության հետազոտությունները
 []

[17]) (./chapters/methods.tex [18]
Գլուխ 3.
) (./chapters/results.tex [19

]
Գլուխ 4.
) (./chapters/conclusions.tex [20

]
Գլուխ 5.
) [21

]

LaTeX Font Warning: Font shape `TU/Sylfaen(1)/m/it' undefined
(Font)              using `TU/Sylfaen(1)/m/n' instead on input line 112.


Overfull \hbox (11.27469pt too wide) in paragraph at lines 112--112
\TU/Sylfaen(1)/m/it/12 K., Sutherland, J., & Thomas, D. (2001). Manifesto for A
gile Software Development. Retrieved
 []


Overfull \hbox (13.72673pt too wide) in paragraph at lines 112--112
[][]\TU/Sylfaen(1)/m/it/12 Deterding, S., Dixon, D., Khaled, R., & Nacke, L. (2
011). From Game Design Elements to Gamefulness:
 []


Overfull \hbox (19.36597pt too wide) in paragraph at lines 112--112
\TU/Sylfaen(1)/m/it/12 Defining Gamification. Proceedings of the 15th Internati
onal Academic MindTrek Conference,
 []


Overfull \hbox (24.03537pt too wide) in paragraph at lines 112--112
\TU/Sylfaen(1)/m/it/12 D. C., & Chapman, R. A. (2024). The Goal Setting Challen
ge App: Promoting Self-Determination
 []

[22


]
Overfull \hbox (16.01743pt too wide) in paragraph at lines 112--112
[][]\TU/Sylfaen(1)/m/it/12 PostgreSQL Global Development Group. (2026a). Postgr
eSQL Documentation: Constraints. Retrieved
 []


Overfull \hbox (20.80408pt too wide) in paragraph at lines 112--112
[][]\TU/Sylfaen(1)/m/it/12 Sailer, M., Hense, J. U., Mayr, S. K., & Mandl, H. (
2017). How Gamification Motivates: An Experimental
 []


Overfull \hbox (14.07002pt too wide) in paragraph at lines 112--112
[][]\TU/Sylfaen(1)/m/it/12 World Wide Web Consortium. (2024, December 12). Web 
Content Accessibility Guidelines (WCAG)
 []

[23] (./main.aux)
 ***********
LaTeX2e <2025-11-01>
L3 programming layer <2026-01-19>
 ***********


LaTeX Font Warning: Some font shapes were not available, defaults substituted.

Package rerunfilecheck Info: File `main.out' has not changed.
(rerunfilecheck)             Checksum: AFF142FBEFEB606BFF863D58B40E9C26;5890.
Package logreq Info: Writing requests to 'main.run.xml'.
\openout1 = `main.run.xml'.

 ) 
Here is how much of TeX's memory you used:
 21169 strings out of 468168
 431057 string characters out of 5432815
 1455612 words of memory out of 5000000
 49670 multiletter control sequences out of 15000+600000
 631877 words of font info for 71 fonts, out of 8000000 for 9000
 1348 hyphenation exceptions out of 8191
 73i,12n,93p,1656b,5619s stack positions out of 10000i,1000n,20000p,200000b,200000s

Output written on main.pdf (25 pages).
